2019-02-18 17:00:57 - [DEBUG]:Starting new HTTPS connection (1): api.ipify.org:443
2019-02-18 17:00:58 - [DEBUG]:https://api.ipify.org:443 "GET / HTTP/1.1" 200 12
2019-02-18 17:00:58 - [DEBUG]:Starting new HTTP connection (1): v6.ipv6-test.com:80
2019-02-18 17:00:58 - [WARNING]:Cannot get IPv6 from API.
2019-02-18 17:00:58 - [WARNING]:Please check the API URL or IPv6 connectivity.
2019-02-18 17:00:58 - [DEBUG]:Starting new HTTPS connection (1): dns.api.gandi.net:443
2019-02-18 17:01:00 - [DEBUG]:https://dns.api.gandi.net:443 "GET /api/v5/domains/nuko.moe/records/@/A HTTP/1.1" 200 173
2019-02-18 17:01:00 - [DEBUG]:Starting new HTTPS connection (1): dns.api.gandi.net:443
2019-02-18 17:01:01 - [DEBUG]:https://dns.api.gandi.net:443 "PUT /api/v5/domains/nuko.moe/records/@/A HTTP/1.1" 201 33
2019-02-18 17:01:01 - [DEBUG]:Starting new HTTPS connection (1): dns.api.gandi.net:443
2019-02-18 17:01:02 - [DEBUG]:https://dns.api.gandi.net:443 "GET /api/v5/domains/nuko.moe/records/www/A HTTP/1.1" 200 175
2019-02-18 17:01:02 - [DEBUG]:Starting new HTTPS connection (1): dns.api.gandi.net:443
2019-02-18 17:01:04 - [DEBUG]:https://dns.api.gandi.net:443 "PUT /api/v5/domains/nuko.moe/records/www/A HTTP/1.1" 201 33
2019-02-18 17:01:04 - [DEBUG]:Starting new HTTPS connection (1): dns.api.gandi.net:443
2019-02-18 17:01:05 - [DEBUG]:https://dns.api.gandi.net:443 "GET /api/v5/domains/nuko.moe/records/dsm/A HTTP/1.1" 200 175
2019-02-18 17:01:05 - [DEBUG]:Starting new HTTPS connection (1): dns.api.gandi.net:443
2019-02-18 17:01:06 - [DEBUG]:https://dns.api.gandi.net:443 "PUT /api/v5/domains/nuko.moe/records/dsm/A HTTP/1.1" 201 33
2019-02-18 17:01:06 - [DEBUG]:Starting new HTTPS connection (1): dns.api.gandi.net:443
2019-02-18 17:01:08 - [DEBUG]:https://dns.api.gandi.net:443 "GET /api/v5/domains/nuko.moe/records/misaki/A HTTP/1.1" 200 181
2019-02-18 17:01:08 - [DEBUG]:Starting new HTTPS connection (1): dns.api.gandi.net:443
2019-02-18 17:01:09 - [DEBUG]:https://dns.api.gandi.net:443 "PUT /api/v5/domains/nuko.moe/records/misaki/A HTTP/1.1" 201 33
